<?xml version="1.0" encoding="UTF-8"?>
<!-- Generated by org.testng.reporters.JUnitXMLReporter -->
<testsuite ignored="2" hostname="LAPTOP-SHANE-SEPTEMBER" failures="0" tests="1" name="Default test" time="11.921" errors="0" timestamp="2023-01-04T16:49:09 CAT">
  <testcase classname="com.crm.qa.testcases.LoginPageTest" name="loginPageTitleTest" time="0.022"/>
  <testcase classname="com.crm.qa.testcases.LoginPageTest" name="loginCRMTest" time="0.0">
    <ignored/>
  </testcase> <!-- loginCRMTest -->
  <testcase classname="com.crm.qa.testcases.LoginPageTest" name="crmLogoImageTest" time="0.0">
    <ignored/>
  </testcase> <!-- crmLogoImageTest -->
</testsuite> <!-- Default test -->
