<?xml version="1.0" encoding="UTF-8"?>
<testng-results ignored="2" total="3" passed="1" failed="0" skipped="0">
  <reporter-output>
  </reporter-output>
  <suite started-at="2023-01-04T16:48:57 CAT" name="Default suite" finished-at="2023-01-04T16:49:08 CAT" duration-ms="11921">
    <groups>
    </groups>
    <test started-at="2023-01-04T16:48:57 CAT" name="Default test" finished-at="2023-01-04T16:49:08 CAT" duration-ms="11921">
      <class name="com.crm.qa.testcases.LoginPageTest">
        <test-method is-config="true" signature="setUp()[pri:0, instance:com.crm.qa.testcases.LoginPageTest@53fb3dab]" started-at="2023-01-04T16:48:57 CAT" name="setUp" finished-at="2023-01-04T16:49:08 CAT" duration-ms="11407" status="PASS">
          <reporter-output>
          </reporter-output>
        </test-method> <!-- setUp -->
        <test-method signature="loginPageTitleTest()[pri:1, instance:com.crm.qa.testcases.LoginPageTest@53fb3dab]" started-at="2023-01-04T16:49:08 CAT" name="loginPageTitleTest" finished-at="2023-01-04T16:49:08 CAT" duration-ms="22" status="PASS">
          <reporter-output>
          </reporter-output>
        </test-method> <!-- loginPageTitleTest -->
        <test-method is-config="true" signature="tearDown()[pri:0, instance:com.crm.qa.testcases.LoginPageTest@53fb3dab]" started-at="2023-01-04T16:49:08 CAT" name="tearDown" finished-at="2023-01-04T16:49:08 CAT" duration-ms="382" status="PASS">
          <reporter-output>
          </reporter-output>
        </test-method> <!-- tearDown -->
      </class> <!-- com.crm.qa.testcases.LoginPageTest -->
    </test> <!-- Default test -->
  </suite> <!-- Default suite -->
</testng-results>
